build/app/intermediates/manifest_merge_blame_file/release/manifest-merger-blame-release-report.txt
1<?xml version="1.0" encoding="utf-8"?>
2<manifest xmlns:android="http://schemas.android.com/apk/res/android"
3    package="com.retailshopping.ojarh.deliveryboy"
4    android:versionCode="2"
5    android:versionName="1.0.0" >
6
7    <uses-sdk
8        android:minSdkVersion="21"
8-->src/main/AndroidManifest.xml
9        android:targetSdkVersion="33" />
9-->src/main/AndroidManifest.xml
10
11    <uses-permission android:name="android.permission.INTERNET" />
11-->src/main/AndroidManifest.xml:5:5-67
11-->src/main/AndroidManifest.xml:5:22-64
12    <uses-permission android:name="android.permission.WAKE_LOCK" />
12-->[:firebase_messaging] AndroidManifest.xml:10:5-68
12-->[:firebase_messaging] AndroidManifest.xml:10:22-65
13    <uses-permission android:name="android.permission.ACCESS_NETWORK_STATE" /> <!-- Permissions options for the `notification` group -->
13-->[:firebase_messaging] AndroidManifest.xml:11:5-79
13-->[:firebase_messaging] AndroidManifest.xml:11:22-76
14    <uses-permission android:name="android.permission.POST_NOTIFICATIONS" />
14-->[:firebase_messaging] AndroidManifest.xml:13:5-77
14-->[:firebase_messaging] AndroidManifest.xml:13:22-74
15    <uses-permission android:name="android.permission.RECEIVE_BOOT_COMPLETED" />
15-->[:flutter_local_notifications] AndroidManifest.xml:9:5-81
15-->[:flutter_local_notifications] AndroidManifest.xml:9:22-78
16    <uses-permission android:name="android.permission.VIBRATE" />
16-->[:flutter_local_notifications] AndroidManifest.xml:10:5-66
16-->[:flutter_local_notifications] AndroidManifest.xml:10:22-63
17    <uses-permission android:name="android.permission.USE_FULL_SCREEN_INTENT" />
17-->[:flutter_local_notifications] AndroidManifest.xml:11:5-81
17-->[:flutter_local_notifications] AndroidManifest.xml:11:22-78
18    <uses-permission android:name="android.permission.SCHEDULE_EXACT_ALARM" /> <!-- Required by older versions of Google Play services to create IID tokens -->
18-->[:flutter_local_notifications] AndroidManifest.xml:12:5-79
18-->[:flutter_local_notifications] AndroidManifest.xml:12:22-76
19    <uses-permission android:name="com.google.android.c2dm.permission.RECEIVE" />
19-->[com.google.firebase:firebase-messaging:23.1.0] AndroidManifest.xml:28:5-82
19-->[com.google.firebase:firebase-messaging:23.1.0] AndroidManifest.xml:28:22-79
20    <uses-permission android:name="com.google.android.gms.permission.AD_ID" />
20-->[com.google.android.gms:play-services-measurement-api:21.2.0] AndroidManifest.xml:25:5-79
20-->[com.google.android.gms:play-services-measurement-api:21.2.0] AndroidManifest.xml:25:22-76
21    <uses-permission android:name="com.google.android.finsky.permission.BIND_GET_INSTALL_REFERRER_SERVICE" />
21-->[com.google.android.gms:play-services-measurement:21.2.0] AndroidManifest.xml:26:5-110
21-->[com.google.android.gms:play-services-measurement:21.2.0] AndroidManifest.xml:26:22-107
22
23    <application
23-->src/main/AndroidManifest.xml:7:5-58:19
24        android:appComponentFactory="androidx.core.app.CoreComponentFactory"
24-->[androidx.core:core:1.6.0] AndroidManifest.xml:24:18-86
25        android:icon="@mipmap/ic_launcher"
25-->src/main/AndroidManifest.xml:8:9-43
26        android:label="Ojarh Delivery"
26-->src/main/AndroidManifest.xml:9:9-39
27        android:usesCleartextTraffic="true" >
27-->src/main/AndroidManifest.xml:10:9-44
28        <activity
28-->src/main/AndroidManifest.xml:11:9-36:20
29            android:name="com.retailshopping.ojarh.deliveryboy.MainActivity"
29-->src/main/AndroidManifest.xml:12:13-41
30            android:configChanges="orientation|keyboardHidden|keyboard|screenSize|smallestScreenSize|locale|layoutDirection|fontScale|screenLayout|density|uiMode"
30-->src/main/AndroidManifest.xml:13:13-163
31            android:exported="true"
31-->src/main/AndroidManifest.xml:14:13-36
32            android:hardwareAccelerated="true"
32-->src/main/AndroidManifest.xml:15:13-47
33            android:launchMode="singleTop"
33-->src/main/AndroidManifest.xml:16:13-43
34            android:theme="@style/LaunchTheme"
34-->src/main/AndroidManifest.xml:17:13-47
35            android:windowSoftInputMode="adjustResize" >
35-->src/main/AndroidManifest.xml:18:13-55
36
37            <!--
38                 Specifies an Android theme to apply to this Activity as soon as
39                 the Android process has started. This theme is visible to the user
40                 while the Flutter UI initializes. After that, this theme continues
41                 to determine the Window background behind the Flutter UI.
42            -->
43            <meta-data
43-->src/main/AndroidManifest.xml:23:13-25:57
44                android:name="io.flutter.embedding.android.NormalTheme"
44-->src/main/AndroidManifest.xml:24:17-72
45                android:resource="@style/NormalTheme" />
45-->src/main/AndroidManifest.xml:25:17-54
46
47            <intent-filter>
47-->src/main/AndroidManifest.xml:27:13-30:29
48                <action android:name="android.intent.action.MAIN" />
48-->src/main/AndroidManifest.xml:28:17-69
48-->src/main/AndroidManifest.xml:28:25-66
49
50                <category android:name="android.intent.category.LAUNCHER" />
50-->src/main/AndroidManifest.xml:29:17-77
50-->src/main/AndroidManifest.xml:29:27-74
51            </intent-filter>
52            <intent-filter>
52-->src/main/AndroidManifest.xml:32:13-35:29
53                <action android:name="FLUTTER_NOTIFICATION_CLICK" />
53-->src/main/AndroidManifest.xml:33:17-69
53-->src/main/AndroidManifest.xml:33:25-66
54
55                <category android:name="android.intent.category.DEFAULT" />
55-->src/main/AndroidManifest.xml:34:17-76
55-->src/main/AndroidManifest.xml:34:27-73
56            </intent-filter>
57        </activity>
58
59        <receiver
59-->src/main/AndroidManifest.xml:38:9-45:20
60            android:name="com.dexterous.flutterlocalnotifications.ScheduledNotificationBootReceiver"
60-->src/main/AndroidManifest.xml:39:13-101
61            android:exported="false" >
61-->src/main/AndroidManifest.xml:40:13-37
62            <intent-filter>
62-->src/main/AndroidManifest.xml:42:13-44:29
63                <action android:name="android.intent.action.BOOT_COMPLETED" />
63-->src/main/AndroidManifest.xml:43:17-86
63-->src/main/AndroidManifest.xml:43:25-76
64            </intent-filter>
65            <intent-filter>
65-->[:flutter_local_notifications] AndroidManifest.xml:25:13-30:29
66                <action android:name="android.intent.action.BOOT_COMPLETED" />
66-->src/main/AndroidManifest.xml:43:17-86
66-->src/main/AndroidManifest.xml:43:25-76
67                <action android:name="android.intent.action.MY_PACKAGE_REPLACED" />
67-->[:flutter_local_notifications] AndroidManifest.xml:27:17-84
67-->[:flutter_local_notifications] AndroidManifest.xml:27:25-81
68                <action android:name="android.intent.action.QUICKBOOT_POWERON" />
68-->[:flutter_local_notifications] AndroidManifest.xml:28:17-82
68-->[:flutter_local_notifications] AndroidManifest.xml:28:25-79
69                <action android:name="com.htc.intent.action.QUICKBOOT_POWERON" />
69-->[:flutter_local_notifications] AndroidManifest.xml:29:17-82
69-->[:flutter_local_notifications] AndroidManifest.xml:29:25-79
70            </intent-filter>
71        </receiver>
72        <!--
73             Don't delete the meta-data below.
74             This is used by the Flutter tool to generate GeneratedPluginRegistrant.java
75        -->
76
77        <meta-data
77-->src/main/AndroidManifest.xml:49:9-51:56
78            android:name="vn.hunghd.flutterdownloader.NOTIFICATION_ICON"
78-->src/main/AndroidManifest.xml:50:13-73
79            android:resource="@drawable/ic_launcher" />
79-->src/main/AndroidManifest.xml:51:13-53
80        <meta-data
80-->src/main/AndroidManifest.xml:52:9-54:56
81            android:name="com.google.firebase.messaging.default_notification_icon"
81-->src/main/AndroidManifest.xml:53:13-83
82            android:resource="@drawable/ic_launcher" />
82-->src/main/AndroidManifest.xml:54:13-53
83        <meta-data
83-->src/main/AndroidManifest.xml:55:9-57:33
84            android:name="flutterEmbedding"
84-->src/main/AndroidManifest.xml:56:13-44
85            android:value="2" />
85-->src/main/AndroidManifest.xml:57:13-30
86
87        <service
87-->[:firebase_auth] AndroidManifest.xml:10:9-14:19
88            android:name="com.google.firebase.components.ComponentDiscoveryService"
88-->[:firebase_auth] AndroidManifest.xml:10:18-89
89            android:directBootAware="true"
89-->[com.google.firebase:firebase-common:20.2.0] AndroidManifest.xml:34:13-43
90            android:exported="false" >
90-->[com.google.firebase:firebase-messaging:23.1.0] AndroidManifest.xml:54:13-37
91            <meta-data
91-->[:firebase_auth] AndroidManifest.xml:11:13-13:85
92                android:name="com.google.firebase.components:io.flutter.plugins.firebase.auth.FlutterFirebaseAuthRegistrar"
92-->[:firebase_auth] AndroidManifest.xml:12:17-124
93                android:value="com.google.firebase.components.ComponentRegistrar" />
93-->[:firebase_auth] AndroidManifest.xml:13:17-82
94            <meta-data
94-->[:firebase_messaging] AndroidManifest.xml:38:13-40:85
95                android:name="com.google.firebase.components:io.flutter.plugins.firebase.messaging.FlutterFirebaseAppRegistrar"
95-->[:firebase_messaging] AndroidManifest.xml:39:17-128
96                android:value="com.google.firebase.components.ComponentRegistrar" />
96-->[:firebase_messaging] AndroidManifest.xml:40:17-82
97            <meta-data
97-->[:firebase_core] AndroidManifest.xml:11:13-13:85
98                android:name="com.google.firebase.components:io.flutter.plugins.firebase.core.FlutterFirebaseCoreRegistrar"
98-->[:firebase_core] AndroidManifest.xml:12:17-124
99                android:value="com.google.firebase.components.ComponentRegistrar" />
99-->[:firebase_core] AndroidManifest.xml:13:17-82
100            <meta-data
100-->[com.google.firebase:firebase-messaging:23.1.0] AndroidManifest.xml:55:13-57:85
101                android:name="com.google.firebase.components:com.google.firebase.messaging.FirebaseMessagingRegistrar"
101-->[com.google.firebase:firebase-messaging:23.1.0] AndroidManifest.xml:56:17-119
102                android:value="com.google.firebase.components.ComponentRegistrar" />
102-->[com.google.firebase:firebase-messaging:23.1.0] AndroidManifest.xml:57:17-82
103            <meta-data
103-->[com.google.firebase:firebase-datatransport:18.1.7] AndroidManifest.xml:27:13-29:85
104                android:name="com.google.firebase.components:com.google.firebase.datatransport.TransportRegistrar"
104-->[com.google.firebase:firebase-datatransport:18.1.7] AndroidManifest.xml:28:17-115
105                android:value="com.google.firebase.components.ComponentRegistrar" />
105-->[com.google.firebase:firebase-datatransport:18.1.7] AndroidManifest.xml:29:17-82
106            <meta-data
106-->[com.google.firebase:firebase-auth:21.1.0] AndroidManifest.xml:67:13-69:85
107                android:name="com.google.firebase.components:com.google.firebase.auth.FirebaseAuthRegistrar"
107-->[com.google.firebase:firebase-auth:21.1.0] AndroidManifest.xml:68:17-109
108                android:value="com.google.firebase.components.ComponentRegistrar" />
108-->[com.google.firebase:firebase-auth:21.1.0] AndroidManifest.xml:69:17-82
109            <meta-data
109-->[com.google.firebase:firebase-iid:21.1.0] AndroidManifest.xml:32:13-34:85
110                android:name="com.google.firebase.components:com.google.firebase.iid.Registrar"
110-->[com.google.firebase:firebase-iid:21.1.0] AndroidManifest.xml:33:17-96
111                android:value="com.google.firebase.components.ComponentRegistrar" />
111-->[com.google.firebase:firebase-iid:21.1.0] AndroidManifest.xml:34:17-82
112            <meta-data
112-->[com.google.android.gms:play-services-measurement-api:21.2.0] AndroidManifest.xml:31:13-33:85
113                android:name="com.google.firebase.components:com.google.firebase.analytics.connector.internal.AnalyticsConnectorRegistrar"
113-->[com.google.android.gms:play-services-measurement-api:21.2.0] AndroidManifest.xml:32:17-139
114                android:value="com.google.firebase.components.ComponentRegistrar" />
114-->[com.google.android.gms:play-services-measurement-api:21.2.0] AndroidManifest.xml:33:17-82
115            <meta-data
115-->[com.google.firebase:firebase-installations:17.1.0] AndroidManifest.xml:17:13-19:85
116                android:name="com.google.firebase.components:com.google.firebase.installations.FirebaseInstallationsRegistrar"
116-->[com.google.firebase:firebase-installations:17.1.0] AndroidManifest.xml:18:17-127
117                android:value="com.google.firebase.components.ComponentRegistrar" />
117-->[com.google.firebase:firebase-installations:17.1.0] AndroidManifest.xml:19:17-82
118        </service>
119        <service
119-->[:firebase_messaging] AndroidManifest.xml:16:9-19:72
120            android:name="io.flutter.plugins.firebase.messaging.FlutterFirebaseMessagingBackgroundService"
120-->[:firebase_messaging] AndroidManifest.xml:17:13-107
121            android:exported="false"
121-->[:firebase_messaging] AndroidManifest.xml:18:13-37
122            android:permission="android.permission.BIND_JOB_SERVICE" />
122-->[:firebase_messaging] AndroidManifest.xml:19:13-69
123        <service
123-->[:firebase_messaging] AndroidManifest.xml:20:9-26:19
124            android:name="io.flutter.plugins.firebase.messaging.FlutterFirebaseMessagingService"
124-->[:firebase_messaging] AndroidManifest.xml:21:13-97
125            android:exported="false" >
125-->[:firebase_messaging] AndroidManifest.xml:22:13-37
126            <intent-filter>
126-->[:firebase_messaging] AndroidManifest.xml:23:13-25:29
127                <action android:name="com.google.firebase.MESSAGING_EVENT" />
127-->[:firebase_messaging] AndroidManifest.xml:24:17-78
127-->[:firebase_messaging] AndroidManifest.xml:24:25-75
128            </intent-filter>
129        </service>
130
131        <receiver
131-->[:firebase_messaging] AndroidManifest.xml:28:9-35:20
132            android:name="io.flutter.plugins.firebase.messaging.FlutterFirebaseMessagingReceiver"
132-->[:firebase_messaging] AndroidManifest.xml:29:13-98
133            android:exported="true"
133-->[:firebase_messaging] AndroidManifest.xml:30:13-36
134            android:permission="com.google.android.c2dm.permission.SEND" >
134-->[:firebase_messaging] AndroidManifest.xml:31:13-73
135            <intent-filter>
135-->[:firebase_messaging] AndroidManifest.xml:32:13-34:29
136                <action android:name="com.google.android.c2dm.intent.RECEIVE" />
136-->[:firebase_messaging] AndroidManifest.xml:33:17-81
136-->[:firebase_messaging] AndroidManifest.xml:33:25-78
137            </intent-filter>
138        </receiver>
139
140        <provider
140-->[:firebase_messaging] AndroidManifest.xml:43:9-47:38
141            android:name="io.flutter.plugins.firebase.messaging.FlutterFirebaseMessagingInitProvider"
141-->[:firebase_messaging] AndroidManifest.xml:44:13-102
142            android:authorities="com.retailshopping.ojarh.deliveryboy.flutterfirebasemessaginginitprovider"
142-->[:firebase_messaging] AndroidManifest.xml:45:13-88
143            android:exported="false"
143-->[:firebase_messaging] AndroidManifest.xml:46:13-37
144            android:initOrder="99" />
144-->[:firebase_messaging] AndroidManifest.xml:47:13-35
145
146        <receiver
146-->[:flutter_local_notifications] AndroidManifest.xml:16:9-18:40
147            android:name="com.dexterous.flutterlocalnotifications.ActionBroadcastReceiver"
147-->[:flutter_local_notifications] AndroidManifest.xml:17:13-91
148            android:exported="false" />
148-->[:flutter_local_notifications] AndroidManifest.xml:18:13-37
149        <receiver
149-->[:flutter_local_notifications] AndroidManifest.xml:19:9-21:40
150            android:name="com.dexterous.flutterlocalnotifications.ScheduledNotificationReceiver"
150-->[:flutter_local_notifications] AndroidManifest.xml:20:13-97
151            android:exported="false" />
151-->[:flutter_local_notifications] AndroidManifest.xml:21:13-37
152
153        <activity
153-->[:url_launcher_android] AndroidManifest.xml:10:9-13:74
154            android:name="io.flutter.plugins.urllauncher.WebViewActivity"
154-->[:url_launcher_android] AndroidManifest.xml:11:13-74
155            android:exported="false"
155-->[:url_launcher_android] AndroidManifest.xml:12:13-37
156            android:theme="@android:style/Theme.NoTitleBar.Fullscreen" />
156-->[:url_launcher_android] AndroidManifest.xml:13:13-71
157
158        <uses-library
158-->[androidx.window:window:1.0.0-beta04] AndroidManifest.xml:25:9-27:40
159            android:name="androidx.window.extensions"
159-->[androidx.window:window:1.0.0-beta04] AndroidManifest.xml:26:13-54
160            android:required="false" />
160-->[androidx.window:window:1.0.0-beta04] AndroidManifest.xml:27:13-37
161        <uses-library
161-->[androidx.window:window:1.0.0-beta04] AndroidManifest.xml:28:9-30:40
162            android:name="androidx.window.sidecar"
162-->[androidx.window:window:1.0.0-beta04] AndroidManifest.xml:29:13-51
163            android:required="false" />
163-->[androidx.window:window:1.0.0-beta04] AndroidManifest.xml:30:13-37
164
165        <receiver
165-->[com.google.firebase:firebase-messaging:23.1.0] AndroidManifest.xml:31:9-38:20
166            android:name="com.google.firebase.iid.FirebaseInstanceIdReceiver"
166-->[com.google.firebase:firebase-messaging:23.1.0] AndroidManifest.xml:32:13-78
167            android:exported="true"
167-->[com.google.firebase:firebase-messaging:23.1.0] AndroidManifest.xml:33:13-36
168            android:permission="com.google.android.c2dm.permission.SEND" >
168-->[com.google.firebase:firebase-messaging:23.1.0] AndroidManifest.xml:34:13-73
169            <intent-filter>
169-->[:firebase_messaging] AndroidManifest.xml:32:13-34:29
170                <action android:name="com.google.android.c2dm.intent.RECEIVE" />
170-->[:firebase_messaging] AndroidManifest.xml:33:17-81
170-->[:firebase_messaging] AndroidManifest.xml:33:25-78
171            </intent-filter>
172        </receiver>
173        <!--
174             FirebaseMessagingService performs security checks at runtime,
175             but set to not exported to explicitly avoid allowing another app to call it.
176        -->
177        <service
177-->[com.google.firebase:firebase-messaging:23.1.0] AndroidManifest.xml:44:9-51:19
178            android:name="com.google.firebase.messaging.FirebaseMessagingService"
178-->[com.google.firebase:firebase-messaging:23.1.0] AndroidManifest.xml:45:13-82
179            android:directBootAware="true"
179-->[com.google.firebase:firebase-messaging:23.1.0] AndroidManifest.xml:46:13-43
180            android:exported="false" >
180-->[com.google.firebase:firebase-messaging:23.1.0] AndroidManifest.xml:47:13-37
181            <intent-filter android:priority="-500" >
181-->[:firebase_messaging] AndroidManifest.xml:23:13-25:29
182                <action android:name="com.google.firebase.MESSAGING_EVENT" />
182-->[:firebase_messaging] AndroidManifest.xml:24:17-78
182-->[:firebase_messaging] AndroidManifest.xml:24:25-75
183            </intent-filter>
184        </service>
185        <service
185-->[com.google.android.datatransport:transport-backend-cct:3.1.8] AndroidManifest.xml:28:9-34:19
186            android:name="com.google.android.datatransport.runtime.backends.TransportBackendDiscovery"
186-->[com.google.android.datatransport:transport-backend-cct:3.1.8] AndroidManifest.xml:29:13-103
187            android:exported="false" >
187-->[com.google.android.datatransport:transport-backend-cct:3.1.8] AndroidManifest.xml:30:13-37
188            <meta-data
188-->[com.google.android.datatransport:transport-backend-cct:3.1.8] AndroidManifest.xml:31:13-33:39
189                android:name="backend:com.google.android.datatransport.cct.CctBackendFactory"
189-->[com.google.android.datatransport:transport-backend-cct:3.1.8] AndroidManifest.xml:32:17-94
190                android:value="cct" />
190-->[com.google.android.datatransport:transport-backend-cct:3.1.8] AndroidManifest.xml:33:17-36
191        </service>
192        <service
192-->[com.google.android.datatransport:transport-runtime:3.1.8] AndroidManifest.xml:26:9-30:19
193            android:name="com.google.android.datatransport.runtime.scheduling.jobscheduling.JobInfoSchedulerService"
193-->[com.google.android.datatransport:transport-runtime:3.1.8] AndroidManifest.xml:27:13-117
194            android:exported="false"
194-->[com.google.android.datatransport:transport-runtime:3.1.8] AndroidManifest.xml:28:13-37
195            android:permission="android.permission.BIND_JOB_SERVICE" >
195-->[com.google.android.datatransport:transport-runtime:3.1.8] AndroidManifest.xml:29:13-69
196        </service>
197
198        <receiver
198-->[com.google.android.datatransport:transport-runtime:3.1.8] AndroidManifest.xml:32:9-34:40
199            android:name="com.google.android.datatransport.runtime.scheduling.jobscheduling.AlarmManagerSchedulerBroadcastReceiver"
199-->[com.google.android.datatransport:transport-runtime:3.1.8] AndroidManifest.xml:33:13-132
200            android:exported="false" />
200-->[com.google.android.datatransport:transport-runtime:3.1.8] AndroidManifest.xml:34:13-37
201
202        <activity
202-->[com.google.firebase:firebase-auth:21.1.0] AndroidManifest.xml:27:9-44:20
203            android:name="com.google.firebase.auth.internal.GenericIdpActivity"
203-->[com.google.firebase:firebase-auth:21.1.0] AndroidManifest.xml:28:13-80
204            android:excludeFromRecents="true"
204-->[com.google.firebase:firebase-auth:21.1.0] AndroidManifest.xml:29:13-46
205            android:exported="true"
205-->[com.google.firebase:firebase-auth:21.1.0] AndroidManifest.xml:30:13-36
206            android:launchMode="singleTask"
206-->[com.google.firebase:firebase-auth:21.1.0] AndroidManifest.xml:31:13-44
207            android:theme="@android:style/Theme.Translucent.NoTitleBar" >
207-->[com.google.firebase:firebase-auth:21.1.0] AndroidManifest.xml:32:13-72
208            <intent-filter>
208-->[com.google.firebase:firebase-auth:21.1.0] AndroidManifest.xml:33:13-43:29
209                <action android:name="android.intent.action.VIEW" />
209-->[com.google.firebase:firebase-auth:21.1.0] AndroidManifest.xml:34:17-69
209-->[com.google.firebase:firebase-auth:21.1.0] AndroidManifest.xml:34:25-66
210
211                <category android:name="android.intent.category.DEFAULT" />
211-->src/main/AndroidManifest.xml:34:17-76
211-->src/main/AndroidManifest.xml:34:27-73
212                <category android:name="android.intent.category.BROWSABLE" />
212-->[com.google.firebase:firebase-auth:21.1.0] AndroidManifest.xml:37:17-78
212-->[com.google.firebase:firebase-auth:21.1.0] AndroidManifest.xml:37:27-75
213
214                <data
214-->[com.google.firebase:firebase-auth:21.1.0] AndroidManifest.xml:39:17-42:51
215                    android:host="firebase.auth"
215-->[com.google.firebase:firebase-auth:21.1.0] AndroidManifest.xml:40:21-49
216                    android:path="/"
216-->[com.google.firebase:firebase-auth:21.1.0] AndroidManifest.xml:41:21-37
217                    android:scheme="genericidp" />
217-->[com.google.firebase:firebase-auth:21.1.0] AndroidManifest.xml:42:21-48
218            </intent-filter>
219        </activity>
220        <activity
220-->[com.google.firebase:firebase-auth:21.1.0] AndroidManifest.xml:45:9-62:20
221            android:name="com.google.firebase.auth.internal.RecaptchaActivity"
221-->[com.google.firebase:firebase-auth:21.1.0] AndroidManifest.xml:46:13-79
222            android:excludeFromRecents="true"
222-->[com.google.firebase:firebase-auth:21.1.0] AndroidManifest.xml:47:13-46
223            android:exported="true"
223-->[com.google.firebase:firebase-auth:21.1.0] AndroidManifest.xml:48:13-36
224            android:launchMode="singleTask"
224-->[com.google.firebase:firebase-auth:21.1.0] AndroidManifest.xml:49:13-44
225            android:theme="@android:style/Theme.Translucent.NoTitleBar" >
225-->[com.google.firebase:firebase-auth:21.1.0] AndroidManifest.xml:50:13-72
226            <intent-filter>
226-->[com.google.firebase:firebase-auth:21.1.0] AndroidManifest.xml:51:13-61:29
227                <action android:name="android.intent.action.VIEW" />
227-->[com.google.firebase:firebase-auth:21.1.0] AndroidManifest.xml:34:17-69
227-->[com.google.firebase:firebase-auth:21.1.0] AndroidManifest.xml:34:25-66
228
229                <category android:name="android.intent.category.DEFAULT" />
229-->src/main/AndroidManifest.xml:34:17-76
229-->src/main/AndroidManifest.xml:34:27-73
230                <category android:name="android.intent.category.BROWSABLE" />
230-->[com.google.firebase:firebase-auth:21.1.0] AndroidManifest.xml:37:17-78
230-->[com.google.firebase:firebase-auth:21.1.0] AndroidManifest.xml:37:27-75
231
232                <data
232-->[com.google.firebase:firebase-auth:21.1.0] AndroidManifest.xml:39:17-42:51
233                    android:host="firebase.auth"
233-->[com.google.firebase:firebase-auth:21.1.0] AndroidManifest.xml:40:21-49
234                    android:path="/"
234-->[com.google.firebase:firebase-auth:21.1.0] AndroidManifest.xml:41:21-37
235                    android:scheme="recaptcha" />
235-->[com.google.firebase:firebase-auth:21.1.0] AndroidManifest.xml:42:21-48
236            </intent-filter>
237        </activity>
238
239        <provider
239-->[com.google.firebase:firebase-common:20.2.0] AndroidManifest.xml:25:9-30:39
240            android:name="com.google.firebase.provider.FirebaseInitProvider"
240-->[com.google.firebase:firebase-common:20.2.0] AndroidManifest.xml:26:13-77
241            android:authorities="com.retailshopping.ojarh.deliveryboy.firebaseinitprovider"
241-->[com.google.firebase:firebase-common:20.2.0] AndroidManifest.xml:27:13-72
242            android:directBootAware="true"
242-->[com.google.firebase:firebase-common:20.2.0] AndroidManifest.xml:28:13-43
243            android:exported="false"
243-->[com.google.firebase:firebase-common:20.2.0] AndroidManifest.xml:29:13-37
244            android:initOrder="100" />
244-->[com.google.firebase:firebase-common:20.2.0] AndroidManifest.xml:30:13-36
245
246        <activity
246-->[com.google.android.gms:play-services-auth:19.2.0] AndroidManifest.xml:23:9-27:75
247            android:name="com.google.android.gms.auth.api.signin.internal.SignInHubActivity"
247-->[com.google.android.gms:play-services-auth:19.2.0] AndroidManifest.xml:24:13-93
248            android:excludeFromRecents="true"
248-->[com.google.android.gms:play-services-auth:19.2.0] AndroidManifest.xml:25:13-46
249            android:exported="false"
249-->[com.google.android.gms:play-services-auth:19.2.0] AndroidManifest.xml:26:13-37
250            android:theme="@android:style/Theme.Translucent.NoTitleBar" />
250-->[com.google.android.gms:play-services-auth:19.2.0] AndroidManifest.xml:27:13-72
251        <!--
252            Service handling Google Sign-In user revocation. For apps that do not integrate with
253            Google Sign-In, this service will never be started.
254        -->
255        <service
255-->[com.google.android.gms:play-services-auth:19.2.0] AndroidManifest.xml:33:9-37:51
256            android:name="com.google.android.gms.auth.api.signin.RevocationBoundService"
256-->[com.google.android.gms:play-services-auth:19.2.0] AndroidManifest.xml:34:13-89
257            android:exported="true"
257-->[com.google.android.gms:play-services-auth:19.2.0] AndroidManifest.xml:35:13-36
258            android:permission="com.google.android.gms.auth.api.signin.permission.REVOCATION_NOTIFICATION"
258-->[com.google.android.gms:play-services-auth:19.2.0] AndroidManifest.xml:36:13-107
259            android:visibleToInstantApps="true" />
259-->[com.google.android.gms:play-services-auth:19.2.0] AndroidManifest.xml:37:13-48
260
261        <receiver
261-->[com.google.android.gms:play-services-measurement:21.2.0] AndroidManifest.xml:29:9-33:20
262            android:name="com.google.android.gms.measurement.AppMeasurementReceiver"
262-->[com.google.android.gms:play-services-measurement:21.2.0] AndroidManifest.xml:30:13-85
263            android:enabled="true"
263-->[com.google.android.gms:play-services-measurement:21.2.0] AndroidManifest.xml:31:13-35
264            android:exported="false" >
264-->[com.google.android.gms:play-services-measurement:21.2.0] AndroidManifest.xml:32:13-37
265        </receiver>
266
267        <service
267-->[com.google.android.gms:play-services-measurement:21.2.0] AndroidManifest.xml:35:9-38:40
268            android:name="com.google.android.gms.measurement.AppMeasurementService"
268-->[com.google.android.gms:play-services-measurement:21.2.0] AndroidManifest.xml:36:13-84
269            android:enabled="true"
269-->[com.google.android.gms:play-services-measurement:21.2.0] AndroidManifest.xml:37:13-35
270            android:exported="false" />
270-->[com.google.android.gms:play-services-measurement:21.2.0] AndroidManifest.xml:38:13-37
271        <service
271-->[com.google.android.gms:play-services-measurement:21.2.0] AndroidManifest.xml:39:9-43:72
272            android:name="com.google.android.gms.measurement.AppMeasurementJobService"
272-->[com.google.android.gms:play-services-measurement:21.2.0] AndroidManifest.xml:40:13-87
273            android:enabled="true"
273-->[com.google.android.gms:play-services-measurement:21.2.0] AndroidManifest.xml:41:13-35
274            android:exported="false"
274-->[com.google.android.gms:play-services-measurement:21.2.0] AndroidManifest.xml:42:13-37
275            android:permission="android.permission.BIND_JOB_SERVICE" />
275-->[com.google.android.gms:play-services-measurement:21.2.0] AndroidManifest.xml:43:13-69
276